1652265989485	geckodriver	INFO	Listening on 127.0.0.1:44961
1652265989995	mozrunner::runner	INFO	Running command: "/usr/bin/firefox" "--marionette" "--headless" "--remote-debugging-port" "58133" "--remote-allow-hosts" "localhost" "-no-remote" "-profile" "/tmp/rust_mozprofile9VaNCv"
*** You are running in headless mode.
[GFX1-]: glxtest: Unable to open a connection to the X server
[GFX1-]: glxtest: libEGL missing
1652265990487	Marionette	INFO	Marionette enabled
[GFX1-]: RenderCompositorSWGL failed mapping default framebuffer, no dt
console.warn: SearchSettings: "get: No settings file exists, new profile?" (new NotFoundError("Could not open the file at /tmp/rust_mozprofile9VaNCv/search.json.mozlz4", (void 0)))
DevTools listening on ws://localhost:58133/devtools/browser/98bb59a5-d2a3-431a-a73f-8b6f2953eeb7
1652265992243	Marionette	INFO	Listening on port 33015
Read port: 33015
1652265992320	RemoteAgent	WARN	TLS certificate errors will be ignored for this session
1652265995111	geckodriver	INFO	Listening on 127.0.0.1:52017
1652265995115	mozrunner::runner	INFO	Running command: "/usr/bin/firefox" "--marionette" "--headless" "--remote-debugging-port" "38375" "--remote-allow-hosts" "localhost" "-no-remote" "-profile" "/tmp/rust_mozprofileuYkrn9"
*** You are running in headless mode.
[GFX1-]: glxtest: Unable to open a connection to the X server
[GFX1-]: glxtest: libEGL missing
1652265995418	Marionette	INFO	Marionette enabled
[GFX1-]: RenderCompositorSWGL failed mapping default framebuffer, no dt
console.warn: SearchSettings: "get: No settings file exists, new profile?" (new NotFoundError("Could not open the file at /tmp/rust_mozprofileuYkrn9/search.json.mozlz4", (void 0)))
DevTools listening on ws://localhost:38375/devtools/browser/af0d1368-d603-4ba8-9949-d79c43845a4f
1652265996815	Marionette	INFO	Listening on port 34819
Read port: 34819
1652265996938	RemoteAgent	WARN	TLS certificate errors will be ignored for this session
1652265998686	geckodriver	INFO	Listening on 127.0.0.1:34719
1652265998704	mozrunner::runner	INFO	Running command: "/usr/bin/firefox" "--marionette" "--headless" "--remote-debugging-port" "41267" "--remote-allow-hosts" "localhost" "-no-remote" "-profile" "/tmp/rust_mozprofileyTY8bs"
*** You are running in headless mode.
[GFX1-]: glxtest: Unable to open a connection to the X server
[GFX1-]: glxtest: libEGL missing
1652265999012	Marionette	INFO	Marionette enabled
[GFX1-]: RenderCompositorSWGL failed mapping default framebuffer, no dt
console.warn: SearchSettings: "get: No settings file exists, new profile?" (new NotFoundError("Could not open the file at /tmp/rust_mozprofileyTY8bs/search.json.mozlz4", (void 0)))
DevTools listening on ws://localhost:41267/devtools/browser/9e9da1e8-a0f5-48d6-93c6-5ffc41642da6
1652266000470	Marionette	INFO	Listening on port 41599
Read port: 41599
1652266000555	RemoteAgent	WARN	TLS certificate errors will be ignored for this session
1652266002723	geckodriver	INFO	Listening on 127.0.0.1:38575
1652266003231	mozrunner::runner	INFO	Running command: "/usr/bin/firefox" "--marionette" "--headless" "--remote-debugging-port" "47143" "--remote-allow-hosts" "localhost" "-no-remote" "-profile" "/tmp/rust_mozprofileyGjNos"
*** You are running in headless mode.
[GFX1-]: glxtest: Unable to open a connection to the X server
[GFX1-]: glxtest: libEGL missing
1652266003532	Marionette	INFO	Marionette enabled
[GFX1-]: RenderCompositorSWGL failed mapping default framebuffer, no dt
console.warn: SearchSettings: "get: No settings file exists, new profile?" (new NotFoundError("Could not open the file at /tmp/rust_mozprofileyGjNos/search.json.mozlz4", (void 0)))
DevTools listening on ws://localhost:47143/devtools/browser/d4f1a56d-2348-4a97-b066-1253855ec2c7
1652266004959	Marionette	INFO	Listening on port 35955
Read port: 35955
1652266005068	RemoteAgent	WARN	TLS certificate errors will be ignored for this session
1652266006912	geckodriver	INFO	Listening on 127.0.0.1:52385
1652266007421	mozrunner::runner	INFO	Running command: "/usr/bin/firefox" "--marionette" "--headless" "--remote-debugging-port" "39389" "--remote-allow-hosts" "localhost" "-no-remote" "-profile" "/tmp/rust_mozprofileGbrJXx"
*** You are running in headless mode.
[GFX1-]: glxtest: Unable to open a connection to the X server
[GFX1-]: glxtest: libEGL missing
1652266007740	Marionette	INFO	Marionette enabled
[GFX1-]: RenderCompositorSWGL failed mapping default framebuffer, no dt
console.warn: SearchSettings: "get: No settings file exists, new profile?" (new NotFoundError("Could not open the file at /tmp/rust_mozprofileGbrJXx/search.json.mozlz4", (void 0)))
DevTools listening on ws://localhost:39389/devtools/browser/91a5a846-23b2-4753-ae69-2443cc2a1ee3
1652266009174	Marionette	INFO	Listening on port 40571
Read port: 40571
1652266009252	RemoteAgent	WARN	TLS certificate errors will be ignored for this session
1652266011058	geckodriver	INFO	Listening on 127.0.0.1:54157
1652266011062	mozrunner::runner	INFO	Running command: "/usr/bin/firefox" "--marionette" "--headless" "--remote-debugging-port" "36677" "--remote-allow-hosts" "localhost" "-no-remote" "-profile" "/tmp/rust_mozprofile3IHA1t"
*** You are running in headless mode.
[GFX1-]: glxtest: Unable to open a connection to the X server
[GFX1-]: glxtest: libEGL missing
1652266011395	Marionette	INFO	Marionette enabled
[GFX1-]: RenderCompositorSWGL failed mapping default framebuffer, no dt
console.warn: SearchSettings: "get: No settings file exists, new profile?" (new NotFoundError("Could not open the file at /tmp/rust_mozprofile3IHA1t/search.json.mozlz4", (void 0)))
DevTools listening on ws://localhost:36677/devtools/browser/cabb9a20-459f-416e-8626-5c876f1139aa
1652266012841	Marionette	INFO	Listening on port 33659
Read port: 33659
1652266012906	RemoteAgent	WARN	TLS certificate errors will be ignored for this session
1652266014684	geckodriver	INFO	Listening on 127.0.0.1:55055
1652266015189	mozrunner::runner	INFO	Running command: "/usr/bin/firefox" "--marionette" "--headless" "--remote-debugging-port" "37181" "--remote-allow-hosts" "localhost" "-no-remote" "-profile" "/tmp/rust_mozprofile38FtQV"
*** You are running in headless mode.
[GFX1-]: glxtest: Unable to open a connection to the X server
[GFX1-]: glxtest: libEGL missing
1652266015492	Marionette	INFO	Marionette enabled
[GFX1-]: RenderCompositorSWGL failed mapping default framebuffer, no dt
console.warn: SearchSettings: "get: No settings file exists, new profile?" (new NotFoundError("Could not open the file at /tmp/rust_mozprofile38FtQV/search.json.mozlz4", (void 0)))
DevTools listening on ws://localhost:37181/devtools/browser/68299d0b-9d27-414a-9dc6-b94a22eb6195
1652266017058	Marionette	INFO	Listening on port 45127
Read port: 45127
1652266017112	RemoteAgent	WARN	TLS certificate errors will be ignored for this session
1652266018928	geckodriver	INFO	Listening on 127.0.0.1:49285
1652266018933	mozrunner::runner	INFO	Running command: "/usr/bin/firefox" "--marionette" "--headless" "--remote-debugging-port" "37637" "--remote-allow-hosts" "localhost" "-no-remote" "-profile" "/tmp/rust_mozprofileeOyKFJ"
*** You are running in headless mode.
[GFX1-]: glxtest: Unable to open a connection to the X server
[GFX1-]: glxtest: libEGL missing
1652266019243	Marionette	INFO	Marionette enabled
[GFX1-]: RenderCompositorSWGL failed mapping default framebuffer, no dt
console.warn: SearchSettings: "get: No settings file exists, new profile?" (new NotFoundError("Could not open the file at /tmp/rust_mozprofileeOyKFJ/search.json.mozlz4", (void 0)))
DevTools listening on ws://localhost:37637/devtools/browser/bd3c2a59-a54f-40e1-9ba5-644ec08ddcae
1652266020826	Marionette	INFO	Listening on port 46109
Read port: 46109
1652266020855	RemoteAgent	WARN	TLS certificate errors will be ignored for this session
1652266022608	geckodriver	INFO	Listening on 127.0.0.1:36167
1652266022612	mozrunner::runner	INFO	Running command: "/usr/bin/firefox" "--marionette" "--headless" "--remote-debugging-port" "52343" "--remote-allow-hosts" "localhost" "-no-remote" "-profile" "/tmp/rust_mozprofileYPEEc8"
*** You are running in headless mode.
[GFX1-]: glxtest: Unable to open a connection to the X server
[GFX1-]: glxtest: libEGL missing
1652266022916	Marionette	INFO	Marionette enabled
[GFX1-]: RenderCompositorSWGL failed mapping default framebuffer, no dt
console.warn: SearchSettings: "get: No settings file exists, new profile?" (new NotFoundError("Could not open the file at /tmp/rust_mozprofileYPEEc8/search.json.mozlz4", (void 0)))
DevTools listening on ws://localhost:52343/devtools/browser/17e442d2-e5fb-4e71-ad7e-d29c2edca504
1652266024521	Marionette	INFO	Listening on port 46491
Read port: 46491
1652266024644	RemoteAgent	WARN	TLS certificate errors will be ignored for this session
1652266026643	geckodriver	INFO	Listening on 127.0.0.1:41863
1652266026647	mozrunner::runner	INFO	Running command: "/usr/bin/firefox" "--marionette" "--headless" "--remote-debugging-port" "54745" "--remote-allow-hosts" "localhost" "-no-remote" "-profile" "/tmp/rust_mozprofileq45vjW"
*** You are running in headless mode.
[GFX1-]: glxtest: Unable to open a connection to the X server
[GFX1-]: glxtest: libEGL missing
1652266026953	Marionette	INFO	Marionette enabled
[GFX1-]: RenderCompositorSWGL failed mapping default framebuffer, no dt
console.warn: SearchSettings: "get: No settings file exists, new profile?" (new NotFoundError("Could not open the file at /tmp/rust_mozprofileq45vjW/search.json.mozlz4", (void 0)))
DevTools listening on ws://localhost:54745/devtools/browser/997134bc-611b-49c1-b3ba-7cc8ae474f65
1652266028567	Marionette	INFO	Listening on port 39671
Read port: 39671
1652266028671	RemoteAgent	WARN	TLS certificate errors will be ignored for this session
1652266030492	geckodriver	INFO	Listening on 127.0.0.1:35717
1652266030496	mozrunner::runner	INFO	Running command: "/usr/bin/firefox" "--marionette" "--headless" "--remote-debugging-port" "54793" "--remote-allow-hosts" "localhost" "-no-remote" "-profile" "/tmp/rust_mozprofileX8bZGB"
*** You are running in headless mode.
[GFX1-]: glxtest: Unable to open a connection to the X server
[GFX1-]: glxtest: libEGL missing
1652266030808	Marionette	INFO	Marionette enabled
[GFX1-]: RenderCompositorSWGL failed mapping default framebuffer, no dt
console.warn: SearchSettings: "get: No settings file exists, new profile?" (new NotFoundError("Could not open the file at /tmp/rust_mozprofileX8bZGB/search.json.mozlz4", (void 0)))
DevTools listening on ws://localhost:54793/devtools/browser/d12f81b2-46ec-4870-b5bf-4f5901dac49b
1652266032440	Marionette	INFO	Listening on port 34503
Read port: 34503
1652266032525	RemoteAgent	WARN	TLS certificate errors will be ignored for this session
1652266034419	geckodriver	INFO	Listening on 127.0.0.1:53733
1652266034924	mozrunner::runner	INFO	Running command: "/usr/bin/firefox" "--marionette" "--headless" "--remote-debugging-port" "51633" "--remote-allow-hosts" "localhost" "-no-remote" "-profile" "/tmp/rust_mozprofileOjec8a"
*** You are running in headless mode.
[GFX1-]: glxtest: Unable to open a connection to the X server
[GFX1-]: glxtest: libEGL missing
1652266035287	Marionette	INFO	Marionette enabled
[GFX1-]: RenderCompositorSWGL failed mapping default framebuffer, no dt
console.warn: SearchSettings: "get: No settings file exists, new profile?" (new NotFoundError("Could not open the file at /tmp/rust_mozprofileOjec8a/search.json.mozlz4", (void 0)))
DevTools listening on ws://localhost:51633/devtools/browser/8d40c216-f0e3-41d3-b3d9-e2ba56033177
1652266036752	Marionette	INFO	Listening on port 34529
Read port: 34529
1652266036856	RemoteAgent	WARN	TLS certificate errors will be ignored for this session
